<?xml version="1.0" encoding="UTF-8"?>
<!-- Generated by org.testng.reporters.JUnitXMLReporter -->
<testsuite hostname="441SN13" ignored="0" name="Default test" tests="7" failures="0" timestamp="2020-12-30T14:12:18 IST" time="0.161" errors="0">
  <testcase name="@BeforeTest login" time="0.069" classname="RegressionSuit.testcase2">
    <failure type="java.lang.IllegalStateException" message="The driver executable does not exist: C:\Users\VictorArunJoseph\Automation\chromedriver_win32 (1)\chromedriver.exe">
      <![CDATA[java.lang.IllegalStateException: The driver executable does not exist: C:\Users\VictorArunJoseph\Automation\chromedriver_win32 (1)\chromedriver.exe
at com.google.common.base.Preconditions.checkState(Preconditions.java:585)
at org.openqa.selenium.remote.service.DriverService.checkExecutable(DriverService.java:146)
at org.openqa.selenium.remote.service.DriverService.findExecutable(DriverService.java:141)
at org.openqa.selenium.chrome.ChromeDriverService.access$000(ChromeDriverService.java:35)
at org.openqa.selenium.chrome.ChromeDriverService$Builder.findDefaultExecutable(ChromeDriverService.java:159)
at org.openqa.selenium.remote.service.DriverService$Builder.build(DriverService.java:355)
at org.openqa.selenium.chrome.ChromeDriverService.createDefaultService(ChromeDriverService.java:94)
at org.openqa.selenium.chrome.ChromeDriver.<init>(ChromeDriver.java:123)
at Resources.Base.browser(Base.java:28)
at RegressionSuit.testcase2.login(testcase2.java:22)
at sun.reflect.NativeMethodAccessorImpl.invoke0(Native Method)
at sun.reflect.NativeMethodAccessorImpl.invoke(Unknown Source)
at sun.reflect.DelegatingMethodAccessorImpl.invoke(Unknown Source)
at java.lang.reflect.Method.invoke(Unknown Source)
at org.testng.internal.MethodInvocationHelper.invokeMethod(MethodInvocationHelper.java:132)
at org.testng.internal.MethodInvocationHelper.invokeMethodConsideringTimeout(MethodInvocationHelper.java:61)
at org.testng.internal.ConfigInvoker.invokeConfigurationMethod(ConfigInvoker.java:366)
at org.testng.internal.ConfigInvoker.invokeConfigurations(ConfigInvoker.java:320)
at org.testng.TestRunner.invokeTestConfigurations(TestRunner.java:617)
at org.testng.TestRunner.beforeRun(TestRunner.java:607)
at org.testng.TestRunner.run(TestRunner.java:578)
at org.testng.SuiteRunner.runTest(SuiteRunner.java:384)
at org.testng.SuiteRunner.runSequentially(SuiteRunner.java:378)
at org.testng.SuiteRunner.privateRun(SuiteRunner.java:337)
at org.testng.SuiteRunner.run(SuiteRunner.java:286)
at org.testng.SuiteRunnerWorker.runSuite(SuiteRunnerWorker.java:53)
at org.testng.SuiteRunnerWorker.run(SuiteRunnerWorker.java:96)
at org.testng.TestNG.runSuitesSequentially(TestNG.java:1218)
at org.testng.TestNG.runSuitesLocally(TestNG.java:1140)
at org.testng.TestNG.runSuites(TestNG.java:1069)
at org.testng.TestNG.run(TestNG.java:1037)
at org.testng.remote.AbstractRemoteTestNG.run(AbstractRemoteTestNG.java:115)
at org.testng.remote.RemoteTestNG.initAndRun(RemoteTestNG.java:251)
at org.testng.remote.RemoteTestNG.main(RemoteTestNG.java:77)
]]>
    </failure>
  </testcase> <!-- @BeforeTest login -->
  <testcase name="@BeforeMethod launch" time="-1.609317738083E9" classname="RegressionSuit.testcase1">
    <skipped/>
  </testcase> <!-- @BeforeMethod launch -->
  <testcase name="@AfterMethod shut" time="-1.60931773809E9" classname="RegressionSuit.testcase1">
    <skipped/>
  </testcase> <!-- @AfterMethod shut -->
  <testcase name="@BeforeMethod launch" time="-1.609317738091E9" classname="RegressionSuit.testcase1">
    <skipped/>
  </testcase> <!-- @BeforeMethod launch -->
  <testcase name="@AfterMethod shut" time="-1.609317738097E9" classname="RegressionSuit.testcase1">
    <skipped/>
  </testcase> <!-- @AfterMethod shut -->
  <testcase name="@BeforeMethod launch" time="-1.609317738098E9" classname="RegressionSuit.testcase1">
    <skipped/>
  </testcase> <!-- @BeforeMethod launch -->
  <testcase name="@AfterMethod shut" time="-1.609317738102E9" classname="RegressionSuit.testcase1">
    <skipped/>
  </testcase> <!-- @AfterMethod shut -->
  <testcase name="@BeforeMethod launch" time="-1.609317738103E9" classname="RegressionSuit.testcase1">
    <skipped/>
  </testcase> <!-- @BeforeMethod launch -->
  <testcase name="@AfterMethod shut" time="-1.609317738108E9" classname="RegressionSuit.testcase1">
    <skipped/>
  </testcase> <!-- @AfterMethod shut -->
  <testcase name="@BeforeMethod launch" time="-1.60931773811E9" classname="RegressionSuit.testcase1">
    <skipped/>
  </testcase> <!-- @BeforeMethod launch -->
  <testcase name="@AfterMethod shut" time="-1.609317738115E9" classname="RegressionSuit.testcase1">
    <skipped/>
  </testcase> <!-- @AfterMethod shut -->
  <testcase name="@AfterTest shut" time="-1.609317738125E9" classname="RegressionSuit.testcase2">
    <skipped/>
  </testcase> <!-- @AfterTest shut -->
  <testcase name="DeactivateUser" time="0.0" classname="RegressionSuit.testcase1">
    <skipped/>
  </testcase> <!-- DeactivateUser -->
  <testcase name="InvalidLogin" time="0.0" classname="RegressionSuit.testcase1">
    <skipped/>
  </testcase> <!-- InvalidLogin -->
  <testcase name="ValidLogin" time="0.0" classname="RegressionSuit.testcase1">
    <skipped/>
  </testcase> <!-- ValidLogin -->
  <testcase name="passwordreset" time="0.0" classname="RegressionSuit.testcase1">
    <skipped/>
  </testcase> <!-- passwordreset -->
  <testcase name="ssouserlogin" time="0.0" classname="RegressionSuit.testcase1">
    <skipped/>
  </testcase> <!-- ssouserlogin -->
  <testcase name="newlog" time="0.0" classname="RegressionSuit.testcase2">
    <skipped/>
  </testcase> <!-- newlog -->
  <testcase name="newsfeed" time="0.0" classname="RegressionSuit.testcase2">
    <skipped/>
  </testcase> <!-- newsfeed -->
</testsuite> <!-- Default test -->
